<?xml version="1.0" encoding="UTF-8"?>
<!-- Generated by org.testng.reporters.JUnitReportReporter -->
<testsuite skipped="0" hostname="ABC" name="tests.lab.naveenautomation.NaveenAutomationLabAssignment2" tests="1" failures="0" timestamp="24 Apr 2019 17:16:01 GMT" time="104.431" errors="1">
  <testcase name="test" time="104.431" classname="tests.lab.naveenautomation.NaveenAutomationLabAssignment2">
    <error type="java.lang.RuntimeException">
      <![CDATA[java.lang.RuntimeException
at base.lab.naveenautomation.Base.reportStep(Base.java:196)
at base.lab.naveenautomation.Base.reportStep(Base.java:206)
at page.lab.naveenautomation.MakeMyTripFlightListPage.<init>(MakeMyTripFlightListPage.java:45)
at page.lab.naveenautomation.MakeMyTripStartPage.clickOnSearchButton(MakeMyTripStartPage.java:260)
at tests.lab.naveenautomation.NaveenAutomationLabAssignment2.test(NaveenAutomationLabAssignment2.java:34)
at sun.reflect.NativeMethodAccessorImpl.invoke0(Native Method)
at sun.reflect.NativeMethodAccessorImpl.invoke(Unknown Source)
at sun.reflect.DelegatingMethodAccessorImpl.invoke(Unknown Source)
at java.lang.reflect.Method.invoke(Unknown Source)
at org.testng.internal.MethodInvocationHelper.invokeMethod(MethodInvocationHelper.java:124)
at org.testng.internal.Invoker.invokeMethod(Invoker.java:583)
at org.testng.internal.Invoker.invokeTestMethod(Invoker.java:719)
at org.testng.internal.Invoker.invokeTestMethods(Invoker.java:989)
at org.testng.internal.TestMethodWorker.invokeTestMethods(TestMethodWorker.java:125)
at org.testng.internal.TestMethodWorker.run(TestMethodWorker.java:109)
at java.util.concurrent.ThreadPoolExecutor.runWorker(Unknown Source)
at java.util.concurrent.ThreadPoolExecutor$Worker.run(Unknown Source)
at java.lang.Thread.run(Unknown Source)
]]>
    </error>
  </testcase> <!-- test -->
</testsuite> <!-- tests.lab.naveenautomation.NaveenAutomationLabAssignment2 -->
